<?xml version="1.0" encoding="UTF-8" ?>
<testsuites>
 <testsuite name="sandbox_script" package="forSurath.suite" timestamp="2024-05-15 08:55:01.046 +0100"
 tests="1"  failures="1" errors="0" time="3.160795">
  <properties>
   <property name="RunDate" value="2024-05-15 08:55:01.046 +0100"/>
   <property name="Status" value="Failure"/>
  </properties>
  <testcase name="sandbox.script" assertions="1" status="failure"  time="3.15683">
    <failure type="FAILURE" message="AssertionFailed:  (assertion: mVar contains &quot;2&quot;; actually: mVar DOES NOT contain 2) -- Execution Time 0:00:03 sandbox.script" />
  </testcase>
 </testsuite>
</testsuites>
